e:\downloads\example 4\windows64\example.obj
e:\downloads\example 4\windows64\io.obj
h:\downloads\solutions\solutions\windows64\windows64\example.obj
h:\downloads\solutions\solutions\windows64\windows64\io.obj
c:\users\cariy\downloads\solutions\solutions\windows64\windows64\example.obj
c:\users\cariy\downloads\solutions\solutions\windows64\windows64\io.obj
c:\users\cariy\downloads\solutions\solutions\windows64\windows64\x64\debug\vc143.pdb
c:\users\cariy\downloads\solutions\solutions\windows64\windows64\x64\debug\vc143.idb
c:\users\cariy\downloads\solutions\solutions\windows64\windows64\x64\debug\framework.obj
c:\users\cariy\downloads\solutions\solutions\windows64\windows64\x64\debug\framework.asm
c:\users\cariy\downloads\solutions\solutions\windows64\windows64\x64\debug\windows64.ilk
c:\users\cariy\downloads\solutions\solutions\windows64\x64\debug\windows64.exe
c:\users\cariy\downloads\solutions\solutions\windows64\x64\debug\windows64.pdb
c:\users\cariy\downloads\solutions\solutions\windows64\windows64\x64\debug\framework.res
c:\users\cariy\downloads\solutions\solutions\windows64\windows64\x64\debug\windows64.write.1.tlog
c:\users\cariy\downloads\solutions\solutions\windows64\windows64\x64\debug\vc140.idb
c:\users\cariy\downloads\solutions\solutions\windows64\windows64\x64\debug\vc142.idb
c:\users\cariy\downloads\solutions\solutions\windows64\windows64\x64\debug\vc140.pdb
c:\users\cariy\downloads\solutions\solutions\windows64\windows64\x64\debug\vc142.pdb
c:\users\cariy\downloads\solutions\solutions\windows64\x64\debug\windows64.ilk
c:\users\cariy\downloads\solutions\solutions\windows64\windows64\x64\debug\windows64.tlog\cl.command.1.tlog
c:\users\cariy\downloads\solutions\solutions\windows64\windows64\x64\debug\windows64.tlog\cl.items.tlog
c:\users\cariy\downloads\solutions\solutions\windows64\windows64\x64\debug\windows64.tlog\cl.read.1.tlog
c:\users\cariy\downloads\solutions\solutions\windows64\windows64\x64\debug\windows64.tlog\cl.write.1.tlog
c:\users\cariy\downloads\solutions\solutions\windows64\windows64\x64\debug\windows64.tlog\link.command.1.tlog
c:\users\cariy\downloads\solutions\solutions\windows64\windows64\x64\debug\windows64.tlog\link.read.1.tlog
c:\users\cariy\downloads\solutions\solutions\windows64\windows64\x64\debug\windows64.tlog\link.write.1.tlog
c:\users\cariy\downloads\solutions\solutions\windows64\windows64\x64\debug\windows64.tlog\rc.command.1.tlog
c:\users\cariy\downloads\solutions\solutions\windows64\windows64\x64\debug\windows64.tlog\rc.read.1.tlog
c:\users\cariy\downloads\solutions\solutions\windows64\windows64\x64\debug\windows64.tlog\rc.write.1.tlog
